<?xml version="1.0" encoding="UTF-8"?>
<testng-results total="6" passed="0" failed="1" skipped="5">
  <reporter-output>
  </reporter-output>
  <suite started-at="2018-02-06T17:16:14Z" name="Default suite" finished-at="2018-02-06T17:16:14Z" duration-ms="699">
    <groups>
    </groups>
    <test started-at="2018-02-06T17:16:14Z" name="Default test" finished-at="2018-02-06T17:16:14Z" duration-ms="699">
      <class name="com.kem.ddt.Kemlogin">
        <test-method signature="launchbrowser(java.lang.String, java.lang.String)" started-at="2018-02-06T17:16:14Z" name="launchbrowser" finished-at="2018-02-06T17:16:14Z" duration-ms="62" status="FAIL">
          <params>
            <param index="0">
              <value>
                <![CDATA[kaiser.sme@gmail.com]]>
              </value>
            </param>
            <param index="1">
              <value>
                <![CDATA[Password!123]]>
              </value>
            </param>
          </params>
          <exception class="java.lang.IllegalStateException">
            <message>
              <![CDATA[The path to the driver executable must be set by the webdriver.chrome.driver system property; for more information, see https://github.com/SeleniumHQ/selenium/wiki/ChromeDriver. The latest version can be downloaded from http://chromedriver.storage.googleapis.com/index.html]]>
            </message>
            <full-stacktrace>
              <![CDATA[java.lang.IllegalStateException: The path to the driver executable must be set by the webdriver.chrome.driver system property; for more information, see https://github.com/SeleniumHQ/selenium/wiki/ChromeDriver. The latest version can be downloaded from http://chromedriver.storage.googleapis.com/index.html
	at com.google.common.base.Preconditions.checkState(Preconditions.java:754)
	at org.openqa.selenium.remote.service.DriverService.findExecutable(DriverService.java:124)
	at org.openqa.selenium.chrome.ChromeDriverService.access$000(ChromeDriverService.java:32)
	at org.openqa.selenium.chrome.ChromeDriverService$Builder.findDefaultExecutable(ChromeDriverService.java:137)
	at org.openqa.selenium.remote.service.DriverService$Builder.build(DriverService.java:339)
	at org.openqa.selenium.chrome.ChromeDriverService.createDefaultService(ChromeDriverService.java:88)
	at org.openqa.selenium.chrome.ChromeDriver.<init>(ChromeDriver.java:123)
	at com.kem.ddt.Kemlogin.launchbrowser(Kemlogin.java:26)
	at java.base/jdk.internal.reflect.NativeMethodAccessorImpl.invoke0(Native Method)
	at java.base/jdk.internal.reflect.NativeMethodAccessorImpl.invoke(Unknown Source)
	at java.base/jdk.internal.reflect.DelegatingMethodAccessorImpl.invoke(Unknown Source)
	at java.base/java.lang.reflect.Method.invoke(Unknown Source)
	at org.testng.internal.MethodInvocationHelper.invokeMethod(MethodInvocationHelper.java:74)
	at org.testng.internal.Invoker.invokeMethod(Invoker.java:673)
	at org.testng.internal.Invoker.invokeTestMethod(Invoker.java:846)
	at org.testng.internal.Invoker.invokeTestMethods(Invoker.java:1170)
	at org.testng.internal.TestMethodWorker.invokeTestMethods(TestMethodWorker.java:125)
	at org.testng.internal.TestMethodWorker.run(TestMethodWorker.java:109)
	at org.testng.TestRunner.runWorkers(TestRunner.java:1147)
	at org.testng.TestRunner.privateRun(TestRunner.java:749)
	at org.testng.TestRunner.run(TestRunner.java:600)
	at org.testng.SuiteRunner.runTest(SuiteRunner.java:317)
	at org.testng.SuiteRunner.runSequentially(SuiteRunner.java:312)
	at org.testng.SuiteRunner.privateRun(SuiteRunner.java:274)
	at org.testng.SuiteRunner.run(SuiteRunner.java:223)
	at org.testng.SuiteRunnerWorker.runSuite(SuiteRunnerWorker.java:52)
	at org.testng.SuiteRunnerWorker.run(SuiteRunnerWorker.java:86)
	at org.testng.TestNG.runSuitesSequentially(TestNG.java:1039)
	at org.testng.TestNG.runSuitesLocally(TestNG.java:964)
	at org.testng.TestNG.run(TestNG.java:900)
	at org.testng.remote.AbstractRemoteTestNG.run(AbstractRemoteTestNG.java:114)
	at org.testng.remote.RemoteTestNG.initAndRun(RemoteTestNG.java:251)
	at org.testng.remote.RemoteTestNG.main(RemoteTestNG.java:77)
]]>
            </full-stacktrace>
          </exception>
        </test-method>
        <test-method is-config="true" signature="tearDown()" started-at="2018-02-06T17:16:14Z" name="tearDown" finished-at="2018-02-06T17:16:14Z" duration-ms="0" status="FAIL">
          <exception class="java.lang.NullPointerException">
            <full-stacktrace>
              <![CDATA[java.lang.NullPointerException
	at com.kem.ddt.Kemlogin.tearDown(Kemlogin.java:46)
	at java.base/jdk.internal.reflect.NativeMethodAccessorImpl.invoke0(Native Method)
	at java.base/jdk.internal.reflect.NativeMethodAccessorImpl.invoke(Unknown Source)
	at java.base/jdk.internal.reflect.DelegatingMethodAccessorImpl.invoke(Unknown Source)
	at java.base/java.lang.reflect.Method.invoke(Unknown Source)
	at org.testng.internal.MethodInvocationHelper.invokeMethod(MethodInvocationHelper.java:74)
	at org.testng.internal.Invoker.invokeConfigurationMethod(Invoker.java:525)
	at org.testng.internal.Invoker.invokeConfigurations(Invoker.java:202)
	at org.testng.internal.Invoker.invokeMethod(Invoker.java:757)
	at org.testng.internal.Invoker.invokeTestMethod(Invoker.java:846)
	at org.testng.internal.Invoker.invokeTestMethods(Invoker.java:1170)
	at org.testng.internal.TestMethodWorker.invokeTestMethods(TestMethodWorker.java:125)
	at org.testng.internal.TestMethodWorker.run(TestMethodWorker.java:109)
	at org.testng.TestRunner.runWorkers(TestRunner.java:1147)
	at org.testng.TestRunner.privateRun(TestRunner.java:749)
	at org.testng.TestRunner.run(TestRunner.java:600)
	at org.testng.SuiteRunner.runTest(SuiteRunner.java:317)
	at org.testng.SuiteRunner.runSequentially(SuiteRunner.java:312)
	at org.testng.SuiteRunner.privateRun(SuiteRunner.java:274)
	at org.testng.SuiteRunner.run(SuiteRunner.java:223)
	at org.testng.SuiteRunnerWorker.runSuite(SuiteRunnerWorker.java:52)
	at org.testng.SuiteRunnerWorker.run(SuiteRunnerWorker.java:86)
	at org.testng.TestNG.runSuitesSequentially(TestNG.java:1039)
	at org.testng.TestNG.runSuitesLocally(TestNG.java:964)
	at org.testng.TestNG.run(TestNG.java:900)
	at org.testng.remote.AbstractRemoteTestNG.run(AbstractRemoteTestNG.java:114)
	at org.testng.remote.RemoteTestNG.initAndRun(RemoteTestNG.java:251)
	at org.testng.remote.RemoteTestNG.main(RemoteTestNG.java:77)
]]>
            </full-stacktrace>
          </exception>
        </test-method>
        <test-method signature="launchbrowser(java.lang.String, java.lang.String)" started-at="2018-02-06T17:16:14Z" name="launchbrowser" finished-at="2018-02-06T17:16:14Z" duration-ms="16" status="SKIP">
          <params>
            <param index="0">
              <value>
                <![CDATA[kaiser.modeler@gmail.com]]>
              </value>
            </param>
            <param index="1">
              <value>
                <![CDATA[Password!123]]>
              </value>
            </param>
          </params>
        </test-method>
        <test-method is-config="true" signature="tearDown()" started-at="2018-02-06T17:16:14Z" name="tearDown" finished-at="2018-02-06T17:16:14Z" duration-ms="0" status="SKIP">
        </test-method>
        <test-method signature="launchbrowser(java.lang.String, java.lang.String)" started-at="2018-02-06T17:16:14Z" name="launchbrowser" finished-at="2018-02-06T17:16:14Z" duration-ms="0" status="SKIP">
          <params>
            <param index="0">
              <value>
                <![CDATA[kaiser.estimator@gmail.com]]>
              </value>
            </param>
            <param index="1">
              <value>
                <![CDATA[Password!123]]>
              </value>
            </param>
          </params>
        </test-method>
        <test-method is-config="true" signature="tearDown()" started-at="2018-02-06T17:16:14Z" name="tearDown" finished-at="2018-02-06T17:16:14Z" duration-ms="0" status="SKIP">
        </test-method>
        <test-method signature="launchbrowser(java.lang.String, java.lang.String)" started-at="2018-02-06T17:16:14Z" name="launchbrowser" finished-at="2018-02-06T17:16:14Z" duration-ms="0" status="SKIP">
          <params>
            <param index="0">
              <value>
                <![CDATA[kaiser.admiin@gmail.com]]>
              </value>
            </param>
            <param index="1">
              <value>
                <![CDATA[Password!123]]>
              </value>
            </param>
          </params>
        </test-method>
        <test-method signature="launchbrowser(java.lang.String, java.lang.String)" started-at="2018-02-06T17:16:14Z" name="launchbrowser" finished-at="2018-02-06T17:16:14Z" duration-ms="15" status="SKIP">
          <params>
            <param index="0">
              <value>
                <![CDATA[kaiser.projectmanager@gmail.com]]>
              </value>
            </param>
            <param index="1">
              <value>
                <![CDATA[Password!123]]>
              </value>
            </param>
          </params>
        </test-method>
        <test-method is-config="true" signature="tearDown()" started-at="2018-02-06T17:16:14Z" name="tearDown" finished-at="2018-02-06T17:16:14Z" duration-ms="0" status="SKIP">
        </test-method>
        <test-method is-config="true" signature="tearDown()" started-at="2018-02-06T17:16:14Z" name="tearDown" finished-at="2018-02-06T17:16:14Z" duration-ms="0" status="SKIP">
        </test-method>
        <test-method signature="launchbrowser(java.lang.String, java.lang.String)" started-at="2018-02-06T17:16:14Z" name="launchbrowser" finished-at="2018-02-06T17:16:14Z" duration-ms="0" status="SKIP">
          <params>
            <param index="0">
              <value>
                <![CDATA[kaiser.requestor@gmail.com]]>
              </value>
            </param>
            <param index="1">
              <value>
                <![CDATA[Password!123]]>
              </value>
            </param>
          </params>
        </test-method>
        <test-method is-config="true" signature="tearDown()" started-at="2018-02-06T17:16:14Z" name="tearDown" finished-at="2018-02-06T17:16:14Z" duration-ms="0" status="SKIP">
        </test-method>
      </class>
    </test>
  </suite>
</testng-results>
